[2013-12-14 10:57:46.866] [INFO] Cassandra - undefined|AUTH: *** Looking up your hostname
[2013-12-14 10:57:47.749] [INFO] Cassandra - undefined|AUTH: *** Found your hostname, cached
[2013-12-14 10:57:47.758] [INFO] Cassandra - undefined|AUTH: *** Checking your IP against DNS ban lists
[2013-12-14 10:57:55.806] [INFO] Cassandra - undefined|Cassandra: Highest connection count: 575 (574 clients) (147919 connections received)
[2013-12-14 10:57:55.828] [INFO] Cassandra - undefined|Cassandra: on 2 ca 1(6) ft 10(10) tr
[2013-12-14 10:57:56.933] [INFO] Cassandra - CASSANDRA ARRIVES IN A BLAZE OF GLORY
[2013-12-14 10:57:57.451] [INFO] Cassandra - X3|Cassandra: (#GamedevTeam) Welcome to the IRC of Team AllHailNoah, a ridiculous fraternity of indie gamedevs from around the world, all younger than Taylor Swift. Just don't expect us to actually talk about gamedev for more than 5 minutes.
[2013-12-14 10:57:57.921] [INFO] Cassandra - CASSANDRA ARRIVES IN A BLAZE OF GLORY
[2013-12-14 10:57:58.920] [INFO] Cassandra - CASSANDRA ARRIVES IN A BLAZE OF GLORY
[2013-12-14 11:00:26.914] [INFO] Cassandra - michcioperz: !Bosozoku
[2013-12-14 11:03:42.178] [INFO] Cassandra - undefined|AUTH: *** Looking up your hostname
[2013-12-14 11:03:42.288] [INFO] Cassandra - undefined|AUTH: *** Found your hostname, cached
[2013-12-14 11:03:42.298] [INFO] Cassandra - undefined|AUTH: *** Checking your IP against DNS ban lists
[2013-12-14 11:03:53.847] [INFO] Cassandra - undefined|Cassandra: Highest connection count: 575 (574 clients) (147940 connections received)
[2013-12-14 11:03:53.868] [INFO] Cassandra - undefined|Cassandra: on 2 ca 1(6) ft 10(10) tr
[2013-12-14 11:03:54.026] [INFO] Cassandra - CASSANDRA ARRIVES IN A BLAZE OF GLORY
[2013-12-14 11:03:54.454] [INFO] Cassandra - X3|Cassandra: (#GamedevTeam) Welcome to the IRC of Team AllHailNoah, a ridiculous fraternity of indie gamedevs from around the world, all younger than Taylor Swift. Just don't expect us to actually talk about gamedev for more than 5 minutes.
[2013-12-14 11:03:55.034] [INFO] Cassandra - CASSANDRA ARRIVES IN A BLAZE OF GLORY
[2013-12-14 11:06:49.503] [INFO] Cassandra - undefined|AUTH: *** Looking up your hostname
[2013-12-14 11:06:49.644] [INFO] Cassandra - undefined|AUTH: *** Found your hostname, cached
[2013-12-14 11:06:49.654] [INFO] Cassandra - undefined|AUTH: *** Checking your IP against DNS ban lists
[2013-12-14 11:06:59.326] [INFO] Cassandra - undefined|Cassandra: Highest connection count: 575 (574 clients) (147953 connections received)
[2013-12-14 11:06:59.349] [INFO] Cassandra - undefined|Cassandra: on 2 ca 1(6) ft 10(10) tr
[2013-12-14 11:07:00.195] [INFO] Cassandra - CASSANDRA ARRIVES IN A BLAZE OF GLORY
[2013-12-14 11:07:00.633] [INFO] Cassandra - X3|Cassandra: (#GamedevTeam) Welcome to the IRC of Team AllHailNoah, a ridiculous fraternity of indie gamedevs from around the world, all younger than Taylor Swift. Just don't expect us to actually talk about gamedev for more than 5 minutes.
[2013-12-14 11:07:01.194] [INFO] Cassandra - CASSANDRA ARRIVES IN A BLAZE OF GLORY
[2013-12-14 11:07:02.192] [INFO] Cassandra - CASSANDRA ARRIVES IN A BLAZE OF GLORY
